<?xml version="1.0" encoding="UTF-8"?>
<coverage generated="1764778648935" clover="3.2.0">
  <project timestamp="1764778648936" name="All files">
    <metrics statements="12" coveredstatements="11" conditionals="3" coveredconditionals="1" methods="3" coveredmethods="3" elements="18" coveredelements="15" complexity="0" loc="12" ncloc="12" packages="1" files="1" classes="1"/>
    <file name="fillTank.js" path="/Users/albina/vue-project/js_split_integer/js_cat_and_dogs_years/qa_is_isogram/qa_restore-names/qa_fill-tank/src/fillTank.js">
      <metrics statements="12" coveredstatements="11" conditionals="3" coveredconditionals="1" methods="3" coveredmethods="3"/>
      <line num="17" count="1" type="stmt"/>
      <line num="18" count="1" type="stmt"/>
      <line num="19" count="1" type="stmt"/>
      <line num="20" count="1" type="stmt"/>
      <line num="21" count="1" type="stmt"/>
      <line num="23" count="1" type="cond" truecount="1" falsecount="1"/>
      <line num="24" count="0" type="stmt"/>
      <line num="27" count="1" type="stmt"/>
      <line num="28" count="1" type="stmt"/>
      <line num="32" count="1" type="stmt"/>
      <line num="36" count="1" type="stmt"/>
      <line num="39" count="1" type="stmt"/>
    </file>
  </project>
</coverage>
