{"/Users/albina/vue-project/js_split_integer/js_cat_and_dogs_years/qa_is_isogram/qa_restore-names/qa_fill-tank/src/fillTank.js": {"path":"/Users/albina/vue-project/js_split_integer/js_cat_and_dogs_years/qa_is_isogram/qa_restore-names/qa_fill-tank/src/fillTank.js","statementMap":{"0":{"start":{"line":17,"column":22},"end":{"line":17,"column":30}},"1":{"start":{"line":18,"column":20},"end":{"line":18,"column":65}},"2":{"start":{"line":19,"column":17},"end":{"line":19,"column":43}},"3":{"start":{"line":20,"column":25},"end":{"line":20,"column":60}},"4":{"start":{"line":21,"column":24},"end":{"line":21,"column":49}},"5":{"start":{"line":23,"column":2},"end":{"line":25,"column":3}},"6":{"start":{"line":24,"column":4},"end":{"line":24,"column":11}},"7":{"start":{"line":27,"column":2},"end":{"line":27,"column":48}},"8":{"start":{"line":28,"column":2},"end":{"line":28,"column":58}},"9":{"start":{"line":32,"column":2},"end":{"line":32,"column":36}},"10":{"start":{"line":36,"column":2},"end":{"line":36,"column":39}},"11":{"start":{"line":39,"column":0},"end":{"line":39,"column":30}}},"fnMap":{"0":{"name":"fillTank","decl":{"start":{"line":16,"column":9},"end":{"line":16,"column":17}},"loc":{"start":{"line":16,"column":58},"end":{"line":29,"column":1}},"line":16},"1":{"name":"roundFuel","decl":{"start":{"line":31,"column":9},"end":{"line":31,"column":18}},"loc":{"start":{"line":31,"column":25},"end":{"line":33,"column":1}},"line":31},"2":{"name":"roundPrice","decl":{"start":{"line":35,"column":9},"end":{"line":35,"column":19}},"loc":{"start":{"line":35,"column":27},"end":{"line":37,"column":1}},"line":35}},"branchMap":{"0":{"loc":{"start":{"line":16,"column":39},"end":{"line":16,"column":56}},"type":"default-arg","locations":[{"start":{"line":16,"column":48},"end":{"line":16,"column":56}}],"line":16},"1":{"loc":{"start":{"line":23,"column":2},"end":{"line":25,"column":3}},"type":"if","locations":[{"start":{"line":23,"column":2},"end":{"line":25,"column":3}},{"start":{"line":23,"column":2},"end":{"line":25,"column":3}}],"line":23}},"s":{"0":1,"1":1,"2":1,"3":1,"4":1,"5":1,"6":0,"7":1,"8":1,"9":1,"10":1,"11":1},"f":{"0":1,"1":1,"2":1},"b":{"0":[0],"1":[0,1]},"_coverageSchema":"43e27e138ebf9cfc5966b082cf9a028302ed4184","hash":"170e4980d23a2b358632f383085ec0c08f5d4bfc"}
}
